[2024/07/08	19:12:03	frame 0 		1145 ms]	 CREATED:	LOGFILE
[2024/07/08	19:12:03	frame 0 		1146 ms]	 DEBUG:		checking save...
[2024/07/08	19:12:03	frame 0 		1168 ms]	 CREATED:	childapplet
[2024/07/08	19:12:03	frame 0 		1175 ms]	 LOADED:	font MSGothic32
[2024/07/08	19:12:03	frame 0 		1179 ms]	 LOADED:	font MSGothic20
[2024/07/08	19:12:03	frame 0 		1179 ms]	 DEBUG:		succesfully loaded background list
[2024/07/08	19:12:03	frame 0 		1203 ms]	 CREATED:	button 01_name
[2024/07/08	19:12:03	frame 0 		1203 ms]	 CREATED:	button 01_pal
[2024/07/08	19:12:03	frame 0 		1203 ms]	 CREATED:	button 01_ptm
[2024/07/08	19:12:03	frame 0 		1204 ms]	 CREATED:	button goToEditor
[2024/07/08	19:12:03	frame 0 		1204 ms]	 CREATED:	button goToEditor
[2024/07/08	19:12:03	frame 0 		1204 ms]	 CREATED:	button goToEditor
[2024/07/08	19:12:03	frame 0 		1204 ms]	 CREATED:	button saveBackground
[2024/07/08	19:12:03	frame 0 		1205 ms]	 CREATED:	button cancelOverwrite
[2024/07/08	19:12:03	frame 0 		1205 ms]	 CREATED:	button cancelExit
[2024/07/08	19:12:03	frame 0 		1206 ms]	 CREATED:	button createPaletteColor
[2024/07/08	19:12:03	frame 0 		1206 ms]	 CREATED:	button savePaletteColor
[2024/07/08	19:12:03	frame 0 		1206 ms]	 CREATED:	button deletePaletteColor
[2024/07/08	19:12:03	frame 0 		1207 ms]	 CREATED:	button editPaletteColor
[2024/07/08	19:12:03	frame 0 		1208 ms]	 CREATED:	button goToLoader
[2024/07/08	19:12:03	frame 0 		1208 ms]	 CREATED:	button goToWindow2
[2024/07/08	19:12:03	frame 0 		1209 ms]	 CREATED:	button goToEditor
[2024/07/08	19:12:03	frame 0 		1209 ms]	 CREATED:	button goToTitlescreen
[2024/07/08	19:12:03	frame 0 		1209 ms]	 CREATED:	button goToTitlescreen
[2024/07/08	19:12:03	frame 0 		1209 ms]	 CREATED:	button applyResize
[2024/07/08	19:12:03	frame 0 		1209 ms]	 CREATED:	button cancelResize
[2024/07/08	19:12:03	frame 0 		1210 ms]	 CREATED:	button goToSettings
[2024/07/08	19:12:03	frame 0 		1228 ms]	 LOADED:	asset assets/bigsteps.png
[2024/07/08	19:12:03	frame 0 		1239 ms]	 LOADED:	asset assets/bigsteps_.png
[2024/07/08	19:12:03	frame 0 		1243 ms]	 LOADED:	asset for imageButton assets/pencil.png
[2024/07/08	19:12:03	frame 0 		1243 ms]	 CREATED:	imageButton editorPencil
[2024/07/08	19:12:03	frame 0 		1244 ms]	 LOADED:	asset for imageButton assets/line.png
[2024/07/08	19:12:03	frame 0 		1245 ms]	 CREATED:	imageButton editorLine
[2024/07/08	19:12:03	frame 0 		1246 ms]	 LOADED:	asset for imageButton assets/rectangle.png
[2024/07/08	19:12:03	frame 0 		1246 ms]	 CREATED:	imageButton editorRect
[2024/07/08	19:12:03	frame 0 		1247 ms]	 LOADED:	asset for imageButton assets/filledRectangle.png
[2024/07/08	19:12:03	frame 0 		1247 ms]	 CREATED:	imageButton editorFillRect
[2024/07/08	19:12:03	frame 0 		1248 ms]	 LOADED:	asset for imageButton assets/circle.png
[2024/07/08	19:12:03	frame 0 		1249 ms]	 CREATED:	imageButton editorCircle
[2024/07/08	19:12:03	frame 0 		1250 ms]	 LOADED:	asset for imageButton assets/filledCircle.png
[2024/07/08	19:12:03	frame 0 		1250 ms]	 CREATED:	imageButton editorFillCircle
[2024/07/08	19:12:03	frame 0 		1250 ms]	 CREATED:	button editorGrid
[2024/07/08	19:12:03	frame 0 		1251 ms]	 CREATED:	button editorResizePtm
[2024/07/08	19:12:03	frame 0 		1251 ms]	 CREATED:	button editorPreviewMode
[2024/07/08	19:12:03	frame 0 		1251 ms]	 CREATED:	button editorUsePaloffset
[2024/07/08	19:12:03	frame 0 		1253 ms]	 LOADED:	asset for imageButton assets/zoomin.png
[2024/07/08	19:12:03	frame 0 		1253 ms]	 CREATED:	imageButton editorZoomIn
[2024/07/08	19:12:03	frame 0 		1254 ms]	 LOADED:	asset for imageButton assets/zoomout.png
[2024/07/08	19:12:03	frame 0 		1254 ms]	 CREATED:	imageButton editorZoomOut
[2024/07/08	19:12:03	frame 0 		1256 ms]	 LOADED:	asset for imageButton assets/left.png
[2024/07/08	19:12:03	frame 0 		1257 ms]	 CREATED:	imageButton editorMoveL
[2024/07/08	19:12:03	frame 0 		1259 ms]	 LOADED:	asset for imageButton assets/up.png
[2024/07/08	19:12:03	frame 0 		1259 ms]	 CREATED:	imageButton editorMoveU
[2024/07/08	19:12:03	frame 0 		1260 ms]	 LOADED:	asset for imageButton assets/down.png
[2024/07/08	19:12:03	frame 0 		1260 ms]	 CREATED:	imageButton editorMoveD
[2024/07/08	19:12:03	frame 0 		1262 ms]	 LOADED:	asset for imageButton assets/right.png
[2024/07/08	19:12:03	frame 0 		1262 ms]	 CREATED:	imageButton editorMoveR
[2024/07/08	19:12:03	frame 0 		1264 ms]	 DEBUG:		No config.dat problems found.
[2024/07/08	19:12:03	frame 0 		1513 ms]	 LOADED:	finished loading
[2024/07/08	19:12:03	frame 0 		1515 ms]	 LOADED:	childapplet
[2024/07/08	19:12:04	frame 1 		1751 ms]	 DEBUG:		switched to menu 10
[2024/07/08	19:12:05	frame 34 		3095 ms]	 DEBUG:		switched to menu 2
[2024/07/08	19:12:05	frame 35 		3122 ms]	 DEBUG:		switched to menu 1
[2024/07/08	19:12:06	frame 74 		4460 ms]	 DEBUG:		switched to menu 6
[2024/07/08	19:12:10	frame 187 		8398 ms]	 DEBUG:		switched to menu 8
[2024/07/08	19:12:45	frame 1185 		42704 ms]	 DEBUG:		exiting...
